0 info it worked if it ends with ok
1 verbose cli [ 'node', '/usr/local/bin/npm', 'install', 'jsxc@0.10.0', '-g' ]
2 info using npm@1.4.28
3 info using node@v0.10.33
4 verbose cache add [ 'jsxc@0.10.0', null ]
5 verbose cache add name=undefined spec="jsxc@0.10.0" args=["jsxc@0.10.0",null]
6 verbose parsed url { protocol: null,
6 verbose parsed url   slashes: null,
6 verbose parsed url   auth: null,
6 verbose parsed url   host: null,
6 verbose parsed url   port: null,
6 verbose parsed url   hostname: null,
6 verbose parsed url   hash: null,
6 verbose parsed url   search: null,
6 verbose parsed url   query: null,
6 verbose parsed url   pathname: 'jsxc@0.10.0',
6 verbose parsed url   path: 'jsxc@0.10.0',
6 verbose parsed url   href: 'jsxc@0.10.0' }
7 verbose cache add name="jsxc" spec="0.10.0" args=["jsxc","0.10.0"]
8 verbose parsed url { protocol: null,
8 verbose parsed url   slashes: null,
8 verbose parsed url   auth: null,
8 verbose parsed url   host: null,
8 verbose parsed url   port: null,
8 verbose parsed url   hostname: null,
8 verbose parsed url   hash: null,
8 verbose parsed url   search: null,
8 verbose parsed url   query: null,
8 verbose parsed url   pathname: '0.10.0',
8 verbose parsed url   path: '0.10.0',
8 verbose parsed url   href: '0.10.0' }
9 verbose addNamed [ 'jsxc', '0.10.0' ]
10 verbose addNamed [ '0.10.0', '0.10.0' ]
11 silly lockFile 2230e49d-jsxc-0-10-0 jsxc@0.10.0
12 verbose lock jsxc@0.10.0 /Users/reiz/.npm/2230e49d-jsxc-0-10-0.lock
13 verbose request where is /jsxc
14 verbose request registry https://registry.npmjs.org/
15 verbose request id 7a7aec49a7df7e5f
16 verbose url raw /jsxc
17 verbose url resolving [ 'https://registry.npmjs.org/', './jsxc' ]
18 verbose url resolved https://registry.npmjs.org/jsxc
19 verbose request where is https://registry.npmjs.org/jsxc
20 info trying registry request attempt 1 at 17:53:59
21 verbose etag "62Q4EKHN326X7SOFXOUFSL1X4"
22 http GET https://registry.npmjs.org/jsxc
23 http 304 https://registry.npmjs.org/jsxc
24 silly registry.get cb [ 304,
24 silly registry.get   { date: 'Wed, 10 Dec 2014 16:53:59 GMT',
24 silly registry.get     server: 'Apache',
24 silly registry.get     via: '1.1 varnish',
24 silly registry.get     'last-modified': 'Wed, 10 Dec 2014 16:54:00 GMT',
24 silly registry.get     'cache-control': 'max-age=60',
24 silly registry.get     etag: '"62Q4EKHN326X7SOFXOUFSL1X4"',
24 silly registry.get     age: '0',
24 silly registry.get     'x-served-by': 'cache-ams4129-AMS',
24 silly registry.get     'x-cache': 'MISS',
24 silly registry.get     'x-cache-hits': '0',
24 silly registry.get     'x-timer': 'S1418230439.956162,VS0,VE172',
24 silly registry.get     vary: 'Accept',
24 silly registry.get     'content-length': '0',
24 silly registry.get     'keep-alive': 'timeout=10, max=50',
24 silly registry.get     connection: 'Keep-Alive' } ]
25 verbose etag https://registry.npmjs.org/jsxc from cache
26 silly lockFile 2230e49d-jsxc-0-10-0 jsxc@0.10.0
27 silly lockFile 2230e49d-jsxc-0-10-0 jsxc@0.10.0
28 silly resolved [ { name: 'jsxc',
28 silly resolved     version: '0.10.0',
28 silly resolved     description: 'Simple JSX command-line tool',
28 silly resolved     main: 'index.js',
28 silly resolved     scripts: { test: 'echo "Error: no test specified" && exit 1' },
28 silly resolved     bin: { jsxc: 'bin/jsxc' },
28 silly resolved     dependencies:
28 silly resolved      { chokidar: '~0.8.0',
28 silly resolved        glob: '~3.2.7',
28 silly resolved        mkdirp: '~0.3.5',
28 silly resolved        optimist: '~0.6.0',
28 silly resolved        'react-tools': '~0.10' },
28 silly resolved     keywords: [ 'jsx', 'react' ],
28 silly resolved     preferGlobal: true,
28 silly resolved     author: { name: 'Pete Hunt' },
28 silly resolved     license: 'Apache 2',
28 silly resolved     _id: 'jsxc@0.10.0',
28 silly resolved     dist:
28 silly resolved      { shasum: 'dde3f44db10c2aeb4b36ed7e3d19426b3ff71a0b',
28 silly resolved        tarball: 'http://registry.npmjs.org/jsxc/-/jsxc-0.10.0.tgz' },
28 silly resolved     _from: 'jsxc@0.10.0',
28 silly resolved     _npmVersion: '1.4.3',
28 silly resolved     _npmUser: { name: 'floydophone', email: 'floydophone@gmail.com' },
28 silly resolved     maintainers: [ [Object] ],
28 silly resolved     directories: {},
28 silly resolved     _shasum: 'dde3f44db10c2aeb4b36ed7e3d19426b3ff71a0b',
28 silly resolved     _resolved: 'https://registry.npmjs.org/jsxc/-/jsxc-0.10.0.tgz',
28 silly resolved     readme: 'ERROR: No README data found!' } ]
29 info install jsxc@0.10.0 into /usr/local/lib
30 info installOne jsxc@0.10.0
31 verbose lib/node_modules/jsxc unbuild
32 verbose tar unpack /Users/reiz/.npm/jsxc/0.10.0/package.tgz
33 silly lockFile 2b20d5a2--usr-local-lib-node-modules-jsxc tar:///usr/local/lib/node_modules/jsxc
34 verbose lock tar:///usr/local/lib/node_modules/jsxc /Users/reiz/.npm/2b20d5a2--usr-local-lib-node-modules-jsxc.lock
35 silly lockFile 8f0426bf-reiz-npm-jsxc-0-10-0-package-tgz tar:///Users/reiz/.npm/jsxc/0.10.0/package.tgz
36 verbose lock tar:///Users/reiz/.npm/jsxc/0.10.0/package.tgz /Users/reiz/.npm/8f0426bf-reiz-npm-jsxc-0-10-0-package-tgz.lock
37 silly gunzTarPerm modes [ '755', '644' ]
38 error Error: EACCES, mkdir '/usr/local/lib/node_modules/jsxc'
38 error  { [Error: EACCES, mkdir '/usr/local/lib/node_modules/jsxc']
38 error   errno: 3,
38 error   code: 'EACCES',
38 error   path: '/usr/local/lib/node_modules/jsxc',
38 error   fstream_type: 'Directory',
38 error   fstream_path: '/usr/local/lib/node_modules/jsxc',
38 error   fstream_class: 'DirWriter',
38 error   fstream_stack:
38 error    [ '/usr/local/lib/node_modules/npm/node_modules/fstream/lib/dir-writer.js:36:23',
38 error      '/usr/local/lib/node_modules/npm/node_modules/mkdirp/index.js:46:53',
38 error      'Object.oncomplete (fs.js:107:15)' ] }
39 error Please try running this command again as root/Administrator.
40 error System Darwin 14.0.0
41 error command "node" "/usr/local/bin/npm" "install" "jsxc@0.10.0" "-g"
42 error cwd /Users/reiz/workspace/versioneye/versioneye/app/assets/javascripts/scm
43 error node -v v0.10.33
44 error npm -v 1.4.28
45 error path /usr/local/lib/node_modules/jsxc
46 error fstream_path /usr/local/lib/node_modules/jsxc
47 error fstream_type Directory
48 error fstream_class DirWriter
49 error code EACCES
50 error errno 3
51 error stack Error: EACCES, mkdir '/usr/local/lib/node_modules/jsxc'
52 error fstream_stack /usr/local/lib/node_modules/npm/node_modules/fstream/lib/dir-writer.js:36:23
52 error fstream_stack /usr/local/lib/node_modules/npm/node_modules/mkdirp/index.js:46:53
52 error fstream_stack Object.oncomplete (fs.js:107:15)
53 verbose exit [ 3, true ]
