# Logfile created on 2012-12-25 20:06:54 +0100 by logger.rb/31641
REQUESTING PAGE: GET /search with {} and HTTP headers {}
REQUESTING PAGE: GET / with {} and HTTP headers {}
REQUESTING PAGE: GET /search with {} and HTTP headers {"HTTP_REFERER"=>"/"}
REQUESTING PAGE: GET / with {} and HTTP headers {}
REQUESTING PAGE: GET /search with {} and HTTP headers {"HTTP_REFERER"=>"/"}
REQUESTING PAGE: GET / with {} and HTTP headers {}
REQUESTING PAGE: GET /search with {} and HTTP headers {"HTTP_REFERER"=>"/"}
REQUESTING PAGE: GET / with {} and HTTP headers {"HTTP_REFERER"=>"/search"}
REQUESTING PAGE: GET / with {} and HTTP headers {}
REQUESTING PAGE: GET /search with {} and HTTP headers {"HTTP_REFERER"=>"/"}
REQUESTING PAGE: GET / with {} and HTTP headers {"HTTP_REFERER"=>"/search"}
REQUESTING PAGE: GET / with {} and HTTP headers {}
REQUESTING PAGE: GET /search with {} and HTTP headers {"HTTP_REFERER"=>"/"}
REQUESTING PAGE: GET / with {} and HTTP headers {"HTTP_REFERER"=>"/search"}
REQUESTING PAGE: GET / with {} and HTTP headers {}
REQUESTING PAGE: GET /search with {} and HTTP headers {"HTTP_REFERER"=>"/"}
REQUESTING PAGE: GET / with {} and HTTP headers {"HTTP_REFERER"=>"/search"}
REQUESTING PAGE: GET / with {} and HTTP headers {}
REQUESTING PAGE: GET /search with {} and HTTP headers {"HTTP_REFERER"=>"/"}
REQUESTING PAGE: GET / with {} and HTTP headers {"HTTP_REFERER"=>"/search"}
REQUESTING PAGE: GET / with {} and HTTP headers {}
REQUESTING PAGE: GET /search with {} and HTTP headers {"HTTP_REFERER"=>"/"}
REQUESTING PAGE: GET / with {} and HTTP headers {"HTTP_REFERER"=>"/search"}
REQUESTING PAGE: GET / with {} and HTTP headers {}
REQUESTING PAGE: GET /search with {} and HTTP headers {"HTTP_REFERER"=>"/"}
REQUESTING PAGE: GET / with {} and HTTP headers {"HTTP_REFERER"=>"/search"}
REQUESTING PAGE: GET / with {} and HTTP headers {}
REQUESTING PAGE: GET /search with {} and HTTP headers {"HTTP_REFERER"=>"/"}
REQUESTING PAGE: GET / with {} and HTTP headers {"HTTP_REFERER"=>"/search"}
REQUESTING PAGE: GET / with {} and HTTP headers {}
REQUESTING PAGE: GET /search with {} and HTTP headers {"HTTP_REFERER"=>"/"}
REQUESTING PAGE: GET / with {} and HTTP headers {"HTTP_REFERER"=>"/search"}
REQUESTING PAGE: GET / with {} and HTTP headers {}
REQUESTING PAGE: GET /search with {} and HTTP headers {"HTTP_REFERER"=>"/"}
REQUESTING PAGE: GET / with {} and HTTP headers {"HTTP_REFERER"=>"/search"}
